  BigNumLib.cpp
c:\program files (x86)\microsoft visual studio\2017\community\vc\tools\msvc\14.16.27023\include\vector(1003): warning C4244: 'initializing': conversion from 'unsigned __int64' to '_Ty', possible loss of data
          with
          [
              _Ty=int
          ]
  c:\users\alexa\source\repos\bignumlib\bignumlib\bignumlib.cpp(151): note: see reference to function template instantiation 'std::_Vector_iterator<std::_Vector_val<std::_Simple_types<_Ty>>> std::vector<_Ty,std::allocator<_Ty>>::emplace<unsigned __int64&>(std::_Vector_const_iterator<std::_Vector_val<std::_Simple_types<_Ty>>>,unsigned __int64 &)' being compiled
          with
          [
              _Ty=int
          ]
  c:\users\alexa\source\repos\bignumlib\bignumlib\bignumlib.cpp(151): note: see reference to function template instantiation 'std::_Vector_iterator<std::_Vector_val<std::_Simple_types<_Ty>>> std::vector<_Ty,std::allocator<_Ty>>::emplace<unsigned __int64&>(std::_Vector_const_iterator<std::_Vector_val<std::_Simple_types<_Ty>>>,unsigned __int64 &)' being compiled
          with
          [
              _Ty=int
          ]
c:\program files (x86)\microsoft visual studio\2017\community\vc\tools\msvc\14.16.27023\include\xmemory0(881): warning C4244: 'initializing': conversion from 'unsigned __int64' to '_Objty', possible loss of data
          with
          [
              _Objty=int
          ]
  c:\program files (x86)\microsoft visual studio\2017\community\vc\tools\msvc\14.16.27023\include\vector(900): note: see reference to function template instantiation 'void std::_Default_allocator_traits<_Alloc>::construct<_Ty,unsigned __int64&>(_Alloc &,_Objty *const ,unsigned __int64 &)' being compiled
          with
          [
              _Alloc=std::allocator<int>,
              _Ty=int,
              _Objty=int
          ]
  c:\program files (x86)\microsoft visual studio\2017\community\vc\tools\msvc\14.16.27023\include\vector(902): note: see reference to function template instantiation 'void std::_Default_allocator_traits<_Alloc>::construct<_Ty,unsigned __int64&>(_Alloc &,_Objty *const ,unsigned __int64 &)' being compiled
          with
          [
              _Alloc=std::allocator<int>,
              _Ty=int,
              _Objty=int
          ]
  c:\program files (x86)\microsoft visual studio\2017\community\vc\tools\msvc\14.16.27023\include\vector(986): note: see reference to function template instantiation 'void std::vector<int,std::allocator<_Ty>>::_Emplace_back_with_unused_capacity<unsigned __int64&>(unsigned __int64 &)' being compiled
          with
          [
              _Ty=int
          ]
  c:\users\alexa\source\repos\bignumlib\bignumlib\bignumlib.cpp(151): note: see reference to function template instantiation 'std::_Vector_iterator<std::_Vector_val<std::_Simple_types<_Ty>>> std::vector<_Ty,std::allocator<_Ty>>::emplace<unsigned __int64&>(std::_Vector_const_iterator<std::_Vector_val<std::_Simple_types<_Ty>>>,unsigned __int64 &)' being compiled
          with
          [
              _Ty=int
          ]
  c:\users\alexa\source\repos\bignumlib\bignumlib\bignumlib.cpp(151): note: see reference to function template instantiation 'std::_Vector_iterator<std::_Vector_val<std::_Simple_types<_Ty>>> std::vector<_Ty,std::allocator<_Ty>>::emplace<unsigned __int64&>(std::_Vector_const_iterator<std::_Vector_val<std::_Simple_types<_Ty>>>,unsigned __int64 &)' being compiled
          with
          [
              _Ty=int
          ]
  BigNumLib.vcxproj -> C:\Users\alexa\source\repos\BigNumLib\Debug\BigNumLib.lib
